root@pve-dev:~# apt dist-upgrade
Reading package lists... Done
Building dependency tree... Done
Reading state information... Done
Calculating upgrade... Done
The following NEW packages will be installed:
  proxmox-kernel-6.8.12-8-pve-signed
The following packages will be upgraded:
  bind9-dnsutils bind9-host bind9-libs libnvpair3linux libuutil3linux libzfs4linux libzpool5linux proxmox-kernel-6.8
  proxmox-widget-toolkit pve-firmware pve-i18n pve-manager pve-qemu-kvm qemu-server spl zfs-initramfs zfs-zed zfsutils-linux
18 upgraded, 1 newly installed, 0 to remove and 0 not upgraded.
Need to get 292 MB of archives.
After this operation, 576 MB of additional disk space will be used.
Do you want to continue? [Y/n]
Get:1 http://security.debian.org/debian-security bookworm-security/main amd64 bind9-host amd64 1:9.18.33-1~deb12u2 [54.1 kB]
Get:2 http://security.debian.org/debian-security bookworm-security/main amd64 bind9-dnsutils amd64 1:9.18.33-1~deb12u2 [155 kB]
Get:3 http://security.debian.org/debian-security bookworm-security/main amd64 bind9-libs amd64 1:9.18.33-1~deb12u2 [1,181 kB]
Get:4 http://download.proxmox.com/debian/pve bookworm/pve-no-subscription amd64 libnvpair3linux amd64 2.2.7-pve1 [49.1 kB]
Get:5 http://download.proxmox.com/debian/pve bookworm/pve-no-subscription amd64 libuutil3linux amd64 2.2.7-pve1 [40.3 kB]
Get:6 http://download.proxmox.com/debian/pve bookworm/pve-no-subscription amd64 libzfs4linux amd64 2.2.7-pve1 [216 kB]
Get:7 http://download.proxmox.com/debian/pve bookworm/pve-no-subscription amd64 libzpool5linux amd64 2.2.7-pve1 [1,313 kB]
Get:8 http://download.proxmox.com/debian/pve bookworm/pve-no-subscription amd64 pve-firmware all 3.14-3 [155 MB]
Get:9 http://download.proxmox.com/debian/pve bookworm/pve-no-subscription amd64 proxmox-kernel-6.8.12-8-pve-signed amd64 6.8.12-8 [103 MB]
Get:10 http://download.proxmox.com/debian/pve bookworm/pve-no-subscription amd64 proxmox-kernel-6.8 all 6.8.12-8 [10.9 kB]
Get:11 http://download.proxmox.com/debian/pve bookworm/pve-no-subscription amd64 proxmox-widget-toolkit all 4.3.4 [220 kB]
Get:12 http://download.proxmox.com/debian/pve bookworm/pve-no-subscription amd64 pve-i18n all 3.3.3 [414 kB]
Get:13 http://download.proxmox.com/debian/pve bookworm/pve-no-subscription amd64 pve-qemu-kvm amd64 9.0.2-5 [29.2 MB]
Get:14 http://download.proxmox.com/debian/pve bookworm/pve-no-subscription amd64 qemu-server amd64 8.3.6 [291 kB]
Get:15 http://download.proxmox.com/debian/pve bookworm/pve-no-subscription amd64 pve-manager all 8.3.3 [548 kB]
Get:16 http://download.proxmox.com/debian/pve bookworm/pve-no-subscription amd64 spl all 2.2.7-pve1 [15.5 kB]
Get:17 http://download.proxmox.com/debian/pve bookworm/pve-no-subscription amd64 zfs-initramfs all 2.2.7-pve1 [25.8 kB]
Get:18 http://download.proxmox.com/debian/pve bookworm/pve-no-subscription amd64 zfsutils-linux amd64 2.2.7-pve1 [549 kB]
Get:19 http://download.proxmox.com/debian/pve bookworm/pve-no-subscription amd64 zfs-zed amd64 2.2.7-pve1 [68.7 kB]
Fetched 292 MB in 26s (11.2 MB/s)
Reading changelogs... Done
(Reading database ... 53690 files and directories currently installed.)
Preparing to unpack .../00-bind9-host_1%3a9.18.33-1~deb12u2_amd64.deb ...
Unpacking bind9-host (1:9.18.33-1~deb12u2) over (1:9.18.28-1~deb12u2) ...
Preparing to unpack .../01-bind9-dnsutils_1%3a9.18.33-1~deb12u2_amd64.deb ...
Unpacking bind9-dnsutils (1:9.18.33-1~deb12u2) over (1:9.18.28-1~deb12u2) ...
Preparing to unpack .../02-bind9-libs_1%3a9.18.33-1~deb12u2_amd64.deb ...
Unpacking bind9-libs:amd64 (1:9.18.33-1~deb12u2) over (1:9.18.28-1~deb12u2) ...
Preparing to unpack .../03-libnvpair3linux_2.2.7-pve1_amd64.deb ...
Unpacking libnvpair3linux (2.2.7-pve1) over (2.2.6-pve1) ...
Preparing to unpack .../04-libuutil3linux_2.2.7-pve1_amd64.deb ...
Unpacking libuutil3linux (2.2.7-pve1) over (2.2.6-pve1) ...
Preparing to unpack .../05-libzfs4linux_2.2.7-pve1_amd64.deb ...
Unpacking libzfs4linux (2.2.7-pve1) over (2.2.6-pve1) ...
Preparing to unpack .../06-libzpool5linux_2.2.7-pve1_amd64.deb ...
Unpacking libzpool5linux (2.2.7-pve1) over (2.2.6-pve1) ...
Preparing to unpack .../07-pve-firmware_3.14-3_all.deb ...
Unpacking pve-firmware (3.14-3) over (3.14-2) ...
Selecting previously unselected package proxmox-kernel-6.8.12-8-pve-signed.
Preparing to unpack .../08-proxmox-kernel-6.8.12-8-pve-signed_6.8.12-8_amd64.deb ...
Unpacking proxmox-kernel-6.8.12-8-pve-signed (6.8.12-8) ...
Preparing to unpack .../09-proxmox-kernel-6.8_6.8.12-8_all.deb ...
Unpacking proxmox-kernel-6.8 (6.8.12-8) over (6.8.12-6) ...
Preparing to unpack .../10-proxmox-widget-toolkit_4.3.4_all.deb ...
Unpacking proxmox-widget-toolkit (4.3.4) over (4.3.3) ...
Preparing to unpack .../11-pve-i18n_3.3.3_all.deb ...
Unpacking pve-i18n (3.3.3) over (3.3.2) ...
Preparing to unpack .../12-pve-qemu-kvm_9.0.2-5_amd64.deb ...
Unpacking pve-qemu-kvm (9.0.2-5) over (9.0.2-4) ...
Preparing to unpack .../13-qemu-server_8.3.6_amd64.deb ...
Unpacking qemu-server (8.3.6) over (8.3.3) ...
Preparing to unpack .../14-pve-manager_8.3.3_all.deb ...
Unpacking pve-manager (8.3.3) over (8.3.2) ...
Preparing to unpack .../15-spl_2.2.7-pve1_all.deb ...
Unpacking spl (2.2.7-pve1) over (2.2.6-pve1) ...
Preparing to unpack .../16-zfs-initramfs_2.2.7-pve1_all.deb ...
Unpacking zfs-initramfs (2.2.7-pve1) over (2.2.6-pve1) ...
Preparing to unpack .../17-zfsutils-linux_2.2.7-pve1_amd64.deb ...
Unpacking zfsutils-linux (2.2.7-pve1) over (2.2.6-pve1) ...
Preparing to unpack .../18-zfs-zed_2.2.7-pve1_amd64.deb ...
Unpacking zfs-zed (2.2.7-pve1) over (2.2.6-pve1) ...
Setting up libnvpair3linux (2.2.7-pve1) ...
Setting up proxmox-widget-toolkit (4.3.4) ...
Setting up bind9-libs:amd64 (1:9.18.33-1~deb12u2) ...
Setting up proxmox-kernel-6.8.12-8-pve-signed (6.8.12-8) ...
Examining /etc/kernel/postinst.d.
run-parts: executing /etc/kernel/postinst.d/initramfs-tools 6.8.12-8-pve /boot/vmlinuz-6.8.12-8-pve
update-initramfs: Generating /boot/initrd.img-6.8.12-8-pve
Running hook script 'zz-proxmox-boot'..
Re-executing '/etc/kernel/postinst.d/zz-proxmox-boot' in new private mount namespace..
No /etc/kernel/cmdline found - falling back to /proc/cmdline
Copying and configuring kernels on /dev/disk/by-uuid/1BF0-E0EB
    Copying kernel 6.8.12-6-pve
    Copying kernel 6.8.12-8-pve
    Removing old version 6.8.12-4-pve
Generating grub configuration file ...
Found linux image: /boot/vmlinuz-6.8.12-8-pve
Found initrd image: /boot/initrd.img-6.8.12-8-pve
Found linux image: /boot/vmlinuz-6.8.12-6-pve
Found initrd image: /boot/initrd.img-6.8.12-6-pve
Adding boot menu entry for UEFI Firmware Settings ...
done
Copying and configuring kernels on /dev/disk/by-uuid/26D0-5376
    Copying kernel 6.8.12-6-pve
    Copying kernel 6.8.12-8-pve
    Removing old version 6.8.12-4-pve
Generating grub configuration file ...
Found linux image: /boot/vmlinuz-6.8.12-8-pve
Found initrd image: /boot/initrd.img-6.8.12-8-pve
Found linux image: /boot/vmlinuz-6.8.12-6-pve
Found initrd image: /boot/initrd.img-6.8.12-6-pve
Adding boot menu entry for UEFI Firmware Settings ...
done
run-parts: executing /etc/kernel/postinst.d/proxmox-auto-removal 6.8.12-8-pve /boot/vmlinuz-6.8.12-8-pve
run-parts: executing /etc/kernel/postinst.d/zz-proxmox-boot 6.8.12-8-pve /boot/vmlinuz-6.8.12-8-pve
Re-executing '/etc/kernel/postinst.d/zz-proxmox-boot' in new private mount namespace..
No /etc/kernel/cmdline found - falling back to /proc/cmdline
Copying and configuring kernels on /dev/disk/by-uuid/1BF0-E0EB
    Copying kernel 6.8.12-6-pve
    Copying kernel 6.8.12-8-pve
Generating grub configuration file ...
Found linux image: /boot/vmlinuz-6.8.12-8-pve
Found initrd image: /boot/initrd.img-6.8.12-8-pve
Found linux image: /boot/vmlinuz-6.8.12-6-pve
Found initrd image: /boot/initrd.img-6.8.12-6-pve
Adding boot menu entry for UEFI Firmware Settings ...
done
Copying and configuring kernels on /dev/disk/by-uuid/26D0-5376
    Copying kernel 6.8.12-6-pve
    Copying kernel 6.8.12-8-pve
Generating grub configuration file ...
Found linux image: /boot/vmlinuz-6.8.12-8-pve
Found initrd image: /boot/initrd.img-6.8.12-8-pve
Found linux image: /boot/vmlinuz-6.8.12-6-pve
Found initrd image: /boot/initrd.img-6.8.12-6-pve
Adding boot menu entry for UEFI Firmware Settings ...
done
run-parts: executing /etc/kernel/postinst.d/zz-update-grub 6.8.12-8-pve /boot/vmlinuz-6.8.12-8-pve
Generating grub configuration file ...
Found linux image: /boot/vmlinuz-6.8.12-8-pve
Found initrd image: /boot/initrd.img-6.8.12-8-pve
Found linux image: /boot/vmlinuz-6.8.12-6-pve
Found initrd image: /boot/initrd.img-6.8.12-6-pve
Found linux image: /boot/vmlinuz-6.8.12-4-pve
Found initrd image: /boot/initrd.img-6.8.12-4-pve
Found memtest86+ 64bit EFI image: /BOOT/pve-1@/memtest86+x64.efi
Adding boot menu entry for UEFI Firmware Settings ...
done
Setting up pve-qemu-kvm (9.0.2-5) ...
Setting up pve-firmware (3.14-3) ...
Setting up qemu-server (8.3.6) ...
Setting up spl (2.2.7-pve1) ...
Setting up pve-i18n (3.3.3) ...
Setting up libuutil3linux (2.2.7-pve1) ...
Setting up bind9-host (1:9.18.33-1~deb12u2) ...
Setting up proxmox-kernel-6.8 (6.8.12-8) ...
Setting up libzpool5linux (2.2.7-pve1) ...
Setting up pve-manager (8.3.3) ...
Setting up libzfs4linux (2.2.7-pve1) ...
Setting up zfsutils-linux (2.2.7-pve1) ...
Setting up zfs-initramfs (2.2.7-pve1) ...
Setting up bind9-dnsutils (1:9.18.33-1~deb12u2) ...
Setting up zfs-zed (2.2.7-pve1) ...
Installing new version of config file /etc/zfs/zed.d/zed.rc ...
Processing triggers for pve-ha-manager (4.0.6) ...
Processing triggers for initramfs-tools (0.142+deb12u1) ...
update-initramfs: Generating /boot/initrd.img-6.8.12-8-pve
Running hook script 'zz-proxmox-boot'..
Re-executing '/etc/kernel/postinst.d/zz-proxmox-boot' in new private mount namespace..
No /etc/kernel/cmdline found - falling back to /proc/cmdline
Copying and configuring kernels on /dev/disk/by-uuid/1BF0-E0EB
    Copying kernel 6.8.12-6-pve
    Copying kernel 6.8.12-8-pve
Generating grub configuration file ...
Found linux image: /boot/vmlinuz-6.8.12-8-pve
Found initrd image: /boot/initrd.img-6.8.12-8-pve
Found linux image: /boot/vmlinuz-6.8.12-6-pve
Found initrd image: /boot/initrd.img-6.8.12-6-pve
Adding boot menu entry for UEFI Firmware Settings ...
done
Copying and configuring kernels on /dev/disk/by-uuid/26D0-5376
    Copying kernel 6.8.12-6-pve
    Copying kernel 6.8.12-8-pve
Generating grub configuration file ...
Found linux image: /boot/vmlinuz-6.8.12-8-pve
Found initrd image: /boot/initrd.img-6.8.12-8-pve
Found linux image: /boot/vmlinuz-6.8.12-6-pve
Found initrd image: /boot/initrd.img-6.8.12-6-pve
Adding boot menu entry for UEFI Firmware Settings ...
done
Processing triggers for libc-bin (2.36-9+deb12u9) ...
Processing triggers for man-db (2.11.2-2) ...
Processing triggers for mailcap (3.70+nmu1) ...
Removing subscription nag from UI...
