root@pve-dev:~# apt update
Hit:1 http://deb.debian.org/debian bookworm InRelease
Get:2 http://deb.debian.org/debian bookworm-updates InRelease [55.4 kB]
Get:3 http://security.debian.org/debian-security bookworm-security InRelease [48.0 kB]
Get:4 http://download.proxmox.com/debian/pve bookworm InRelease [2,768 B]
Get:5 http://security.debian.org/debian-security bookworm-security/main amd64 Packages [243 kB]
Get:6 http://download.proxmox.com/debian/pve bookworm/pve-no-subscription amd64 Packages [394 kB]
Get:7 http://security.debian.org/debian-security bookworm-security/main Translation-en [144 kB]
Fetched 887 kB in 1s (606 kB/s)
Reading package lists... Done
Building dependency tree... Done
Reading state information... Done
18 packages can be upgraded. Run 'apt list --upgradable' to see them.

root@pve-dev:~# apt list --upgradable
Listing... Done
bind9-dnsutils/stable-security 1:9.18.33-1~deb12u2 amd64 [upgradable from: 1:9.18.28-1~deb12u2]
bind9-host/stable-security 1:9.18.33-1~deb12u2 amd64 [upgradable from: 1:9.18.28-1~deb12u2]
bind9-libs/stable-security 1:9.18.33-1~deb12u2 amd64 [upgradable from: 1:9.18.28-1~deb12u2]
libnvpair3linux/stable 2.2.7-pve1 amd64 [upgradable from: 2.2.6-pve1]
libuutil3linux/stable 2.2.7-pve1 amd64 [upgradable from: 2.2.6-pve1]
libzfs4linux/stable 2.2.7-pve1 amd64 [upgradable from: 2.2.6-pve1]
libzpool5linux/stable 2.2.7-pve1 amd64 [upgradable from: 2.2.6-pve1]
proxmox-kernel-6.8/stable 6.8.12-8 all [upgradable from: 6.8.12-6]
proxmox-widget-toolkit/stable 4.3.4 all [upgradable from: 4.3.3]
pve-firmware/stable 3.14-3 all [upgradable from: 3.14-2]
pve-i18n/stable 3.3.3 all [upgradable from: 3.3.2]
pve-manager/stable 8.3.3 all [upgradable from: 8.3.2]
pve-qemu-kvm/stable 9.0.2-5 amd64 [upgradable from: 9.0.2-4]
qemu-server/stable 8.3.6 amd64 [upgradable from: 8.3.3]
spl/stable 2.2.7-pve1 all [upgradable from: 2.2.6-pve1]
zfs-initramfs/stable 2.2.7-pve1 all [upgradable from: 2.2.6-pve1]
zfs-zed/stable 2.2.7-pve1 amd64 [upgradable from: 2.2.6-pve1]
zfsutils-linux/stable 2.2.7-pve1 amd64 [upgradable from: 2.2.6-pve1]
